<?xml version="1.0" encoding="UTF-8"?>
<!-- Generated by org.testng.reporters.JUnitReportReporter -->
<testsuite skipped="0" hostname="Prabeshs-MacBook-Air.local" name="com.plivo.qa.testcases.CouponCodeTest" tests="1" failures="0" timestamp="22 May 2018 03:19:15 GMT" time="20.806" errors="0">
  <testcase name="validateCouponCodeTest" time="20.806" classname="com.plivo.qa.testcases.CouponCodeTest"/>
</testsuite> <!-- com.plivo.qa.testcases.CouponCodeTest -->
